<?xml version="1.0" encoding="UTF-8"?>
<!-- Generated by org.testng.reporters.JUnitReportReporter -->
<testsuite skipped="0" hostname="DESKTOP-1IQRO3C" name="test.NewTest" tests="8" failures="0" timestamp="2023-01-29T01:27:19 IST" time="8.857" errors="1">
  <testcase name="testRemove_NULL" time="0.001" classname="test.NewTest"/>
  <system-out/>
  <testcase name="testRemove_Negative" time="0.001" classname="test.NewTest"/>
  <system-out/>
  <testcase name="testFive_Icons_And_Valide_Types" time="0.071" classname="test.NewTest"/>
  <system-out/>
  <testcase name="testRemove_EmptyString" time="0.002" classname="test.NewTest"/>
  <system-out/>
  <testcase name="testNavBar_Options" time="0.395" classname="test.NewTest"/>
  <system-out/>
  <testcase name="testValidate_Years_Of_Experience_For_QA_Automation_Position" time="8.182" classname="test.NewTest">
    <error type="java.lang.NumberFormatException" message="For input string: &quot;Fluent&quot;">
      <![CDATA[java.lang.NumberFormatException: For input string: "Fluent"
at sun.misc.FloatingDecimal.readJavaFormatString(Unknown Source)
at sun.misc.FloatingDecimal.parseDouble(Unknown Source)
at java.lang.Double.parseDouble(Unknown Source)
at test.NewTest.testValidate_Years_Of_Experience_For_QA_Automation_Position(NewTest.java:100)
at sun.reflect.NativeMethodAccessorImpl.invoke0(Native Method)
at sun.reflect.NativeMethodAccessorImpl.invoke(Unknown Source)
at sun.reflect.DelegatingMethodAccessorImpl.invoke(Unknown Source)
at java.lang.reflect.Method.invoke(Unknown Source)
at org.testng.internal.MethodInvocationHelper.invokeMethod(MethodInvocationHelper.java:133)
at org.testng.internal.TestInvoker.invokeMethod(TestInvoker.java:598)
at org.testng.internal.TestInvoker.invokeTestMethod(TestInvoker.java:173)
at org.testng.internal.MethodRunner.runInSequence(MethodRunner.java:46)
at org.testng.internal.TestInvoker$MethodInvocationAgent.invoke(TestInvoker.java:824)
at org.testng.internal.TestInvoker.invokeTestMethods(TestInvoker.java:146)
at org.testng.internal.TestMethodWorker.invokeTestMethods(TestMethodWorker.java:146)
at org.testng.internal.TestMethodWorker.run(TestMethodWorker.java:128)
at java.util.ArrayList.forEach(Unknown Source)
at org.testng.TestRunner.privateRun(TestRunner.java:794)
at org.testng.TestRunner.run(TestRunner.java:596)
at org.testng.SuiteRunner.runTest(SuiteRunner.java:377)
at org.testng.SuiteRunner.runSequentially(SuiteRunner.java:371)
at org.testng.SuiteRunner.privateRun(SuiteRunner.java:332)
at org.testng.SuiteRunner.run(SuiteRunner.java:276)
at org.testng.SuiteRunnerWorker.runSuite(SuiteRunnerWorker.java:53)
at org.testng.SuiteRunnerWorker.run(SuiteRunnerWorker.java:96)
at org.testng.TestNG.runSuitesSequentially(TestNG.java:1212)
at org.testng.TestNG.runSuitesLocally(TestNG.java:1134)
at org.testng.TestNG.runSuites(TestNG.java:1063)
at org.testng.TestNG.run(TestNG.java:1031)
at org.testng.remote.AbstractRemoteTestNG.run(AbstractRemoteTestNG.java:115)
at org.testng.remote.RemoteTestNG.initAndRun(RemoteTestNG.java:251)
at org.testng.remote.RemoteTestNG.main(RemoteTestNG.java:77)
]]>
    </error>
  </testcase> <!-- testValidate_Years_Of_Experience_For_QA_Automation_Position -->
  <system-out/>
  <testcase name="testRemove_Positive" time="0.001" classname="test.NewTest"/>
  <system-out/>
  <testcase name="testEach_Icon_Opens_Relevant_App" time="0.204" classname="test.NewTest"/>
  <system-out/>
</testsuite> <!-- test.NewTest -->
